<?xml version="1.0" encoding="UTF-8"?>
<testsuite xmlns:xsi="http://www.w3.org/2001/XMLSchema-instance" xsi:noNamespaceSchemaLocation="https://maven.apache.org/surefire/maven-surefire-plugin/xsd/surefire-test-report-3.0.xsd" version="3.0" name="smarthouse.CasaInteligente_ESTest" time="0.912" tests="82" errors="0" skipped="0" failures="0">
  <properties>
    <property name="sun.desktop" value="gnome"/>
    <property name="awt.toolkit" value="sun.awt.X11.XToolkit"/>
    <property name="file.encoding.pkg" value="sun.io"/>
    <property name="java.specification.version" value="1.8"/>
    <property name="sun.cpu.isalist" value=""/>
    <property name="sun.jnu.encoding" value="UTF-8"/>
    <property name="java.class.path" value="/home/rogan/Desktop/3ano2sem/ats/ATS_Project/POO_Project/target/test-classes:/home/rogan/Desktop/3ano2sem/ats/ATS_Project/POO_Project/target/classes:/home/rogan/.m2/repository/junit/junit/4.13.1/junit-4.13.1.jar:/home/rogan/.m2/repository/org/hamcrest/hamcrest-core/1.3/hamcrest-core-1.3.jar:/home/rogan/.m2/repository/org/junit/jupiter/junit-jupiter/5.8.1/junit-jupiter-5.8.1.jar:/home/rogan/.m2/repository/org/junit/jupiter/junit-jupiter-params/5.8.1/junit-jupiter-params-5.8.1.jar:/home/rogan/.m2/repository/org/junit/jupiter/junit-jupiter-engine/5.8.1/junit-jupiter-engine-5.8.1.jar:/home/rogan/.m2/repository/org/junit/jupiter/junit-jupiter-api/5.9.2/junit-jupiter-api-5.9.2.jar:/home/rogan/.m2/repository/org/opentest4j/opentest4j/1.2.0/opentest4j-1.2.0.jar:/home/rogan/.m2/repository/org/junit/platform/junit-platform-commons/1.9.2/junit-platform-commons-1.9.2.jar:/home/rogan/.m2/repository/org/apiguardian/apiguardian-api/1.1.2/apiguardian-api-1.1.2.jar:/home/rogan/.m2/repository/org/junit/vintage/junit-vintage-engine/5.9.2/junit-vintage-engine-5.9.2.jar:/home/rogan/.m2/repository/org/junit/platform/junit-platform-engine/1.9.2/junit-platform-engine-1.9.2.jar:/home/rogan/.m2/repository/org/evosuite/evosuite-standalone-runtime/1.0.6/evosuite-standalone-runtime-1.0.6.jar:"/>
    <property name="java.vm.vendor" value="Private Build"/>
    <property name="sun.arch.data.model" value="64"/>
    <property name="java.vendor.url" value="http://java.oracle.com/"/>
    <property name="user.timezone" value=""/>
    <property name="java.vm.specification.version" value="1.8"/>
    <property name="os.name" value="Linux"/>
    <property name="user.country" value="US"/>
    <property name="sun.java.launcher" value="SUN_STANDARD"/>
    <property name="sun.boot.library.path" value="/usr/lib/jvm/java-8-openjdk-amd64/jre/lib/amd64"/>
    <property name="sun.java.command" value="/home/rogan/Desktop/3ano2sem/ats/ATS_Project/POO_Project/target/surefire/surefirebooter3496284584119703590.jar /home/rogan/Desktop/3ano2sem/ats/ATS_Project/POO_Project/target/surefire 2023-05-16T22-20-51_853-jvmRun1 surefire5294284620553452396tmp surefire_01285809770260397178tmp"/>
    <property name="surefire.test.class.path" value="/home/rogan/Desktop/3ano2sem/ats/ATS_Project/POO_Project/target/test-classes:/home/rogan/Desktop/3ano2sem/ats/ATS_Project/POO_Project/target/classes:/home/rogan/.m2/repository/junit/junit/4.13.1/junit-4.13.1.jar:/home/rogan/.m2/repository/org/hamcrest/hamcrest-core/1.3/hamcrest-core-1.3.jar:/home/rogan/.m2/repository/org/junit/jupiter/junit-jupiter/5.8.1/junit-jupiter-5.8.1.jar:/home/rogan/.m2/repository/org/junit/jupiter/junit-jupiter-params/5.8.1/junit-jupiter-params-5.8.1.jar:/home/rogan/.m2/repository/org/junit/jupiter/junit-jupiter-engine/5.8.1/junit-jupiter-engine-5.8.1.jar:/home/rogan/.m2/repository/org/junit/jupiter/junit-jupiter-api/5.9.2/junit-jupiter-api-5.9.2.jar:/home/rogan/.m2/repository/org/opentest4j/opentest4j/1.2.0/opentest4j-1.2.0.jar:/home/rogan/.m2/repository/org/junit/platform/junit-platform-commons/1.9.2/junit-platform-commons-1.9.2.jar:/home/rogan/.m2/repository/org/apiguardian/apiguardian-api/1.1.2/apiguardian-api-1.1.2.jar:/home/rogan/.m2/repository/org/junit/vintage/junit-vintage-engine/5.9.2/junit-vintage-engine-5.9.2.jar:/home/rogan/.m2/repository/org/junit/platform/junit-platform-engine/1.9.2/junit-platform-engine-1.9.2.jar:/home/rogan/.m2/repository/org/evosuite/evosuite-standalone-runtime/1.0.6/evosuite-standalone-runtime-1.0.6.jar:"/>
    <property name="sun.cpu.endian" value="little"/>
    <property name="user.home" value="/home/rogan"/>
    <property name="user.language" value="en"/>
    <property name="java.specification.vendor" value="Oracle Corporation"/>
    <property name="java.home" value="/usr/lib/jvm/java-8-openjdk-amd64/jre"/>
    <property name="basedir" value="/home/rogan/Desktop/3ano2sem/ats/ATS_Project/POO_Project"/>
    <property name="file.separator" value="/"/>
    <property name="line.separator" value="&#10;"/>
    <property name="java.vm.specification.vendor" value="Oracle Corporation"/>
    <property name="java.specification.name" value="Java Platform API Specification"/>
    <property name="java.awt.graphicsenv" value="sun.awt.X11GraphicsEnvironment"/>
    <property name="surefire.real.class.path" value="/home/rogan/Desktop/3ano2sem/ats/ATS_Project/POO_Project/target/surefire/surefirebooter3496284584119703590.jar:/home/rogan/.m2/repository/org/jacoco/org.jacoco.agent/0.8.5/org.jacoco.agent-0.8.5-runtime.jar"/>
    <property name="sun.boot.class.path" value="/usr/lib/jvm/java-8-openjdk-amd64/jre/lib/resources.jar:/usr/lib/jvm/java-8-openjdk-amd64/jre/lib/rt.jar:/usr/lib/jvm/java-8-openjdk-amd64/jre/lib/sunrsasign.jar:/usr/lib/jvm/java-8-openjdk-amd64/jre/lib/jsse.jar:/usr/lib/jvm/java-8-openjdk-amd64/jre/lib/jce.jar:/usr/lib/jvm/java-8-openjdk-amd64/jre/lib/charsets.jar:/usr/lib/jvm/java-8-openjdk-amd64/jre/lib/jfr.jar:/usr/lib/jvm/java-8-openjdk-amd64/jre/classes"/>
    <property name="sun.management.compiler" value="HotSpot 64-Bit Tiered Compilers"/>
    <property name="java.runtime.version" value="1.8.0_362-8u362-ga-0ubuntu1~22.04-b09"/>
    <property name="user.name" value="rogan"/>
    <property name="path.separator" value=":"/>
    <property name="os.version" value="5.15.0-41-generic"/>
    <property name="java.endorsed.dirs" value="/usr/lib/jvm/java-8-openjdk-amd64/jre/lib/endorsed"/>
    <property name="java.runtime.name" value="OpenJDK Runtime Environment"/>
    <property name="file.encoding" value="UTF-8"/>
    <property name="java.vm.name" value="OpenJDK 64-Bit Server VM"/>
    <property name="localRepository" value="/home/rogan/.m2/repository"/>
    <property name="java.vendor.url.bug" value="http://bugreport.sun.com/bugreport/"/>
    <property name="java.io.tmpdir" value="/tmp"/>
    <property name="java.version" value="1.8.0_362"/>
    <property name="user.dir" value="/home/rogan/Desktop/3ano2sem/ats/ATS_Project/POO_Project"/>
    <property name="os.arch" value="amd64"/>
    <property name="java.vm.specification.name" value="Java Virtual Machine Specification"/>
    <property name="java.awt.printerjob" value="sun.print.PSPrinterJob"/>
    <property name="sun.os.patch.level" value="unknown"/>
    <property name="java.library.path" value="/usr/java/packages/lib/amd64:/usr/lib/x86_64-linux-gnu/jni:/lib/x86_64-linux-gnu:/usr/lib/x86_64-linux-gnu:/usr/lib/jni:/lib:/usr/lib"/>
    <property name="java.vm.info" value="mixed mode"/>
    <property name="java.vendor" value="Private Build"/>
    <property name="java.vm.version" value="25.362-b09"/>
    <property name="java.specification.maintenance.version" value="4"/>
    <property name="java.ext.dirs" value="/usr/lib/jvm/java-8-openjdk-amd64/jre/lib/ext:/usr/java/packages/lib/ext"/>
    <property name="sun.io.unicode.encoding" value="UnicodeLittle"/>
    <property name="java.class.version" value="52.0"/>
  </properties>
  <testcase name="test50" classname="smarthouse.CasaInteligente_ESTest" time="0.017"/>
  <testcase name="test51" classname="smarthouse.CasaInteligente_ESTest" time="0.071"/>
  <testcase name="test52" classname="smarthouse.CasaInteligente_ESTest" time="0.02"/>
  <testcase name="test13" classname="smarthouse.CasaInteligente_ESTest" time="0.016"/>
  <testcase name="test57" classname="smarthouse.CasaInteligente_ESTest" time="0.016">
    <system-out><![CDATA[Coluna, id: , ON, 0
]]></system-out>
  </testcase>
  <testcase name="test14" classname="smarthouse.CasaInteligente_ESTest" time="0.02"/>
  <testcase name="test58" classname="smarthouse.CasaInteligente_ESTest" time="0.024"/>
  <testcase name="test15" classname="smarthouse.CasaInteligente_ESTest" time="0.024"/>
  <testcase name="test59" classname="smarthouse.CasaInteligente_ESTest" time="0.012"/>
  <testcase name="test16" classname="smarthouse.CasaInteligente_ESTest" time="0.003"/>
  <testcase name="test53" classname="smarthouse.CasaInteligente_ESTest" time="0.006"/>
  <testcase name="test10" classname="smarthouse.CasaInteligente_ESTest" time="0.004"/>
  <testcase name="test54" classname="smarthouse.CasaInteligente_ESTest" time="0.003"/>
  <testcase name="test11" classname="smarthouse.CasaInteligente_ESTest" time="0.004"/>
  <testcase name="test55" classname="smarthouse.CasaInteligente_ESTest" time="0.006"/>
  <testcase name="test12" classname="smarthouse.CasaInteligente_ESTest" time="0.028"/>
  <testcase name="test56" classname="smarthouse.CasaInteligente_ESTest" time="0.017"/>
  <testcase name="test17" classname="smarthouse.CasaInteligente_ESTest" time="0.013"/>
  <testcase name="test18" classname="smarthouse.CasaInteligente_ESTest" time="0.014"/>
  <testcase name="test19" classname="smarthouse.CasaInteligente_ESTest" time="0.032"/>
  <testcase name="test40" classname="smarthouse.CasaInteligente_ESTest" time="0.024">
    <system-out><![CDATA[Casa de }I76=8IYJ[[ (nif: 794, Fornecedor: }I76=8IYJ[[ (CustoKwh: 794.0000, Fator Impostos: -586.9059))


+--------------------------------------------------+
| -> Escreve o nif da casa que queres              |
+--------------------------------------------------+

Insere aqui a tua resposta: 
]]></system-out>
  </testcase>
  <testcase name="test41" classname="smarthouse.CasaInteligente_ESTest" time="0.014">
    <system-out><![CDATA[

+--------------------------------------------------+
| -> Nao existem casas                             |
+--------------------------------------------------+

]]></system-out>
  </testcase>
  <testcase name="test80" classname="smarthouse.CasaInteligente_ESTest" time="0.013"/>
  <testcase name="test81" classname="smarthouse.CasaInteligente_ESTest" time="0.016"/>
  <testcase name="test02" classname="smarthouse.CasaInteligente_ESTest" time="0.015"/>
  <testcase name="test46" classname="smarthouse.CasaInteligente_ESTest" time="0.003"/>
  <testcase name="test03" classname="smarthouse.CasaInteligente_ESTest" time="0.003"/>
  <testcase name="test47" classname="smarthouse.CasaInteligente_ESTest" time="0.005"/>
  <testcase name="test04" classname="smarthouse.CasaInteligente_ESTest" time="0.003"/>
  <testcase name="test48" classname="smarthouse.CasaInteligente_ESTest" time="0.003"/>
  <testcase name="test05" classname="smarthouse.CasaInteligente_ESTest" time="0.004"/>
  <testcase name="test49" classname="smarthouse.CasaInteligente_ESTest" time="0.003"/>
  <testcase name="test42" classname="smarthouse.CasaInteligente_ESTest" time="0.003">
    <system-out><![CDATA[

+--------------------------------------------------+
 -> A casa Casa de  (nif: -1768, Fornecedor: N/A (CustoKwh: -1.0000, Fator Impostos: -1.0000)) nao tem dispositivos
+--------------------------------------------------+

]]></system-out>
  </testcase>
  <testcase name="test43" classname="smarthouse.CasaInteligente_ESTest" time="0.003"/>
  <testcase name="test00" classname="smarthouse.CasaInteligente_ESTest" time="0.002"/>
  <testcase name="test44" classname="smarthouse.CasaInteligente_ESTest" time="0.003"/>
  <testcase name="test01" classname="smarthouse.CasaInteligente_ESTest" time="0.008"/>
  <testcase name="test45" classname="smarthouse.CasaInteligente_ESTest" time="0.028"/>
  <testcase name="test06" classname="smarthouse.CasaInteligente_ESTest" time="0.023"/>
  <testcase name="test07" classname="smarthouse.CasaInteligente_ESTest" time="0.023"/>
  <testcase name="test08" classname="smarthouse.CasaInteligente_ESTest" time="0.02"/>
  <testcase name="test09" classname="smarthouse.CasaInteligente_ESTest" time="0.02"/>
  <testcase name="test71" classname="smarthouse.CasaInteligente_ESTest" time="0.013"/>
  <testcase name="test72" classname="smarthouse.CasaInteligente_ESTest" time="0.015"/>
  <testcase name="test73" classname="smarthouse.CasaInteligente_ESTest" time="0.016"/>
  <testcase name="test30" classname="smarthouse.CasaInteligente_ESTest" time="0.02"/>
  <testcase name="test74" classname="smarthouse.CasaInteligente_ESTest" time="0.003"/>
  <testcase name="test70" classname="smarthouse.CasaInteligente_ESTest" time="0.003"/>
  <testcase name="test35" classname="smarthouse.CasaInteligente_ESTest" time="0.002"/>
  <testcase name="test79" classname="smarthouse.CasaInteligente_ESTest" time="0.002"/>
  <testcase name="test36" classname="smarthouse.CasaInteligente_ESTest" time="0.001"/>
  <testcase name="test37" classname="smarthouse.CasaInteligente_ESTest" time="0.002">
    <system-out><![CDATA[

+--------------------------------------------------+
| -> Nao encontrou fatura neste periodo            |
+--------------------------------------------------+

]]></system-out>
  </testcase>
  <testcase name="test38" classname="smarthouse.CasaInteligente_ESTest" time="0.003"/>
  <testcase name="test31" classname="smarthouse.CasaInteligente_ESTest" time="0.002"/>
  <testcase name="test75" classname="smarthouse.CasaInteligente_ESTest" time="0.003"/>
  <testcase name="test32" classname="smarthouse.CasaInteligente_ESTest" time="0.002"/>
  <testcase name="test76" classname="smarthouse.CasaInteligente_ESTest" time="0.002"/>
  <testcase name="test33" classname="smarthouse.CasaInteligente_ESTest" time="0.003"/>
  <testcase name="test77" classname="smarthouse.CasaInteligente_ESTest" time="0.002"/>
  <testcase name="test34" classname="smarthouse.CasaInteligente_ESTest" time="0.002"/>
  <testcase name="test78" classname="smarthouse.CasaInteligente_ESTest" time="0.002"/>
  <testcase name="test39" classname="smarthouse.CasaInteligente_ESTest" time="0.002"/>
  <testcase name="test60" classname="smarthouse.CasaInteligente_ESTest" time="0.002">
    <system-out><![CDATA[
+--------------------------------------------------+
| -> Divisoes disponiveis                          |
]/DDW v4X^$Y
+--------------------------------------------------+
| -> Escreva o nome da divisao que quer            |
+--------------------------------------------------+

Insere aqui a tua resposta: 
]]></system-out>
  </testcase>
  <testcase name="test61" classname="smarthouse.CasaInteligente_ESTest" time="0.003">
    <system-out><![CDATA[
+--------------------------------------------------+
| -> Divisoes disponiveis                          |
+--------------------------------------------------+
| -> Escreva o nome da divisao que quer            |
+--------------------------------------------------+

Insere aqui a tua resposta: 
+--------------------------------------------------+
| -> Essa Divisao nao existe                       |
+--------------------------------------------------+


+--------------------------------------------------+
| -> Divisoes disponiveis                          |
+--------------------------------------------------+
| -> Escreva o nome da divisao que quer            |
+--------------------------------------------------+

Insere aqui a tua resposta: 
]]></system-out>
  </testcase>
  <testcase name="test62" classname="smarthouse.CasaInteligente_ESTest" time="0.002"/>
  <testcase name="test63" classname="smarthouse.CasaInteligente_ESTest" time="0.035"/>
  <testcase name="test24" classname="smarthouse.CasaInteligente_ESTest" time="0.016">
    <system-out><![CDATA[
+--------------------------------------------------+
| -> Divisoes disponiveis                          |
+--------------------------------------------------+
| -> Escreva o nome da divisao que quer            |
+--------------------------------------------------+

Insere aqui a tua resposta: 
]]></system-out>
  </testcase>
  <testcase name="test68" classname="smarthouse.CasaInteligente_ESTest" time="0.02"/>
  <testcase name="test25" classname="smarthouse.CasaInteligente_ESTest" time="0.043">
    <system-out><![CDATA[
+--------------------------------------------------+
| -> Divisoes disponiveis                          |
+--------------------------------------------------+
| -> Escreva o nome da divisao que quer            |
+--------------------------------------------------+

Insere aqui a tua resposta: 
]]></system-out>
  </testcase>
  <testcase name="test69" classname="smarthouse.CasaInteligente_ESTest" time="0.016"/>
  <testcase name="test26" classname="smarthouse.CasaInteligente_ESTest" time="0.02"/>
  <testcase name="test27" classname="smarthouse.CasaInteligente_ESTest" time="0.003"/>
  <testcase name="test20" classname="smarthouse.CasaInteligente_ESTest" time="0.002"/>
  <testcase name="test64" classname="smarthouse.CasaInteligente_ESTest" time="0.002"/>
  <testcase name="test21" classname="smarthouse.CasaInteligente_ESTest" time="0.006"/>
  <testcase name="test65" classname="smarthouse.CasaInteligente_ESTest" time="0.002"/>
  <testcase name="test22" classname="smarthouse.CasaInteligente_ESTest" time="0.002"/>
  <testcase name="test66" classname="smarthouse.CasaInteligente_ESTest" time="0.002"/>
  <testcase name="test23" classname="smarthouse.CasaInteligente_ESTest" time="0.006">
    <system-out><![CDATA[
+--------------------------------------------------+
| -> Divisoes disponiveis                          |
+--------------------------------------------------+
| -> Escreva o nome da divisao que quer            |
+--------------------------------------------------+

Insere aqui a tua resposta: 
]]></system-out>
  </testcase>
  <testcase name="test67" classname="smarthouse.CasaInteligente_ESTest" time="0.002"/>
  <testcase name="test28" classname="smarthouse.CasaInteligente_ESTest" time="0.002"/>
  <testcase name="test29" classname="smarthouse.CasaInteligente_ESTest" time="0.002"/>
</testsuite>